2022-09-08 22:44:47 [INFO][restartedMain][c.b.e.EmployeePayrollAppApplication:55] Starting EmployeePayrollAppApplication using Java 18.0.1.1 on LAPTOP-JRA6ULBK with PID 8588 (C:\Users\srava\IdeaProjects\EmployeePayrollApp\target\classes started by srava in C:\Users\srava\IdeaProjects\EmployeePayrollApp)
2022-09-08 22:44:47 [INFO][restartedMain][c.b.e.EmployeePayrollAppApplication:640] The following 1 profile is active: "dev"
2022-09-08 22:44:48 [INFO][restartedMain][o.s.b.d.e.DevToolsPropertyDefaultsPostProcessor:255] Devtools property defaults active! Set 'spring.devtools.add-properties' to 'false' to disable
2022-09-08 22:44:48 [INFO][restartedMain][o.s.b.d.e.DevToolsPropertyDefaultsPostProcessor:255] For additional web related logging consider setting the 'logging.level.web' property to 'DEBUG'
2022-09-08 22:44:53 [INFO][restartedMain][o.s.d.r.c.RepositoryConfigurationDelegate:132] Bootstrapping Spring Data JPA repositories in DEFAULT mode.
2022-09-08 22:44:54 [INFO][restartedMain][o.s.d.r.c.RepositoryConfigurationDelegate:201] Finished Spring Data repository scanning in 134 ms. Found 1 JPA repository interfaces.
2022-09-08 22:44:57 [INFO][restartedMain][o.s.b.w.e.t.TomcatWebServer:108] Tomcat initialized with port(s): 8080 (http)
2022-09-08 22:44:57 [INFO][restartedMain][o.a.c.c.StandardService:173] Starting service [Tomcat]
2022-09-08 22:44:57 [INFO][restartedMain][o.a.c.c.StandardEngine:173] Starting Servlet engine: [Apache Tomcat/9.0.65]
2022-09-08 22:44:57 [INFO][restartedMain][o.a.c.c.C.[.[.[/]:173] Initializing Spring embedded WebApplicationContext
2022-09-08 22:44:57 [INFO][restartedMain][o.s.b.w.s.c.ServletWebServerApplicationContext:292] Root WebApplicationContext: initialization completed in 9411 ms
2022-09-08 22:44:58 [INFO][restartedMain][o.h.j.i.u.LogHelper:31] HHH000204: Processing PersistenceUnitInfo [name: default]
2022-09-08 22:44:58 [INFO][restartedMain][o.h.Version:44] HHH000412: Hibernate ORM core version 5.6.10.Final
2022-09-08 22:44:59 [INFO][restartedMain][o.h.a.c.Version:56] HCANN000001: Hibernate Commons Annotations {5.1.2.Final}
2022-09-08 22:44:59 [INFO][restartedMain][c.z.h.HikariDataSource:110] HikariPool-1 - Starting...
2022-09-08 22:45:05 [INFO][restartedMain][c.z.h.HikariDataSource:123] HikariPool-1 - Start completed.
2022-09-08 22:45:06 [INFO][restartedMain][o.h.d.Dialect:175] HHH000400: Using dialect: org.hibernate.dialect.MySQL8Dialect
2022-09-08 22:47:03 [INFO][restartedMain][o.h.e.t.j.p.i.JtaPlatformInitiator:52] HHH000490: Using JtaPlatform implementation: [org.hibernate.engine.transaction.jta.platform.internal.NoJtaPlatform]
2022-09-08 22:47:05 [INFO][restartedMain][o.s.o.j.LocalContainerEntityManagerFactoryBean:437] Initialized JPA EntityManagerFactory for persistence unit 'default'
2022-09-08 22:47:23 [WARN][restartedMain][o.s.b.a.o.j.JpaBaseConfiguration$JpaWebConfiguration:219] spring.jpa.open-in-view is enabled by default. Therefore, database queries may be performed during view rendering. Explicitly configure spring.jpa.open-in-view to disable this warning
2022-09-08 22:47:31 [INFO][restartedMain][o.s.b.d.a.OptionalLiveReloadServer:59] LiveReload server is running on port 35729
2022-09-08 22:47:32 [INFO][restartedMain][o.s.b.w.e.t.TomcatWebServer:220] Tomcat started on port(s): 8080 (http) with context path ''
2022-09-08 22:47:32 [INFO][restartedMain][c.b.e.EmployeePayrollAppApplication:61] Started EmployeePayrollAppApplication in 168.755 seconds (JVM running for 182.492)
2022-09-08 23:12:11 [INFO][http-nio-8080-exec-2][o.a.c.c.C.[.[.[/]:173] Initializing Spring DispatcherServlet 'dispatcherServlet'
2022-09-08 23:12:11 [INFO][http-nio-8080-exec-2][o.s.w.s.DispatcherServlet:525] Initializing Servlet 'dispatcherServlet'
2022-09-08 23:12:14 [INFO][http-nio-8080-exec-2][o.s.w.s.DispatcherServlet:547] Completed initialization in 2595 ms
2022-09-08 23:14:44 [WARN][http-nio-8080-exec-2][o.s.w.s.m.m.a.ExceptionHandlerExceptionResolver:208] Resolved [com.bridgelabz.employeepayrollapp.exception.CustomException: Employee Not found! id 1]
